<?xml version="1.0" encoding="UTF-8"?>
<testsuite xmlns:xsi="http://www.w3.org/2001/XMLSchema-instance" xsi:noNamespaceSchemaLocation="https://maven.apache.org/surefire/maven-surefire-plugin/xsd/surefire-test-report-3.0.xsd" version="3.0" name="TestSuite" time="280.226" tests="5" errors="0" skipped="0" failures="4">
  <properties>
    <property name="sun.desktop" value="windows"/>
    <property name="awt.toolkit" value="sun.awt.windows.WToolkit"/>
    <property name="file.encoding.pkg" value="sun.io"/>
    <property name="java.specification.version" value="1.8"/>
    <property name="webdriver.chrome.driver" value="C:\Users\Vikram\workspace\MakeMyTrip_Website_Automation_Using_Selenium\src\main\java\resources\chromedriver.exe"/>
    <property name="sun.cpu.isalist" value="pentium_pro+mmx pentium_pro pentium+mmx pentium i486 i386 i86"/>
    <property name="sun.jnu.encoding" value="Cp1252"/>
    <property name="java.class.path" value="C:\Users\Vikram\workspace\MakeMyTrip_Website_Automation_Using_Selenium\target\test-classes;C:\Users\Vikram\workspace\MakeMyTrip_Website_Automation_Using_Selenium\target\classes;C:\Users\Vikram\.m2\repository\junit\junit\4.13\junit-4.13.jar;C:\Users\Vikram\.m2\repository\org\hamcrest\hamcrest-core\1.3\hamcrest-core-1.3.jar;C:\Users\Vikram\.m2\repository\org\seleniumhq\selenium\selenium-java\3.141.59\selenium-java-3.141.59.jar;C:\Users\Vikram\.m2\repository\org\seleniumhq\selenium\selenium-api\3.141.59\selenium-api-3.141.59.jar;C:\Users\Vikram\.m2\repository\org\seleniumhq\selenium\selenium-chrome-driver\3.141.59\selenium-chrome-driver-3.141.59.jar;C:\Users\Vikram\.m2\repository\org\seleniumhq\selenium\selenium-edge-driver\3.141.59\selenium-edge-driver-3.141.59.jar;C:\Users\Vikram\.m2\repository\org\seleniumhq\selenium\selenium-firefox-driver\3.141.59\selenium-firefox-driver-3.141.59.jar;C:\Users\Vikram\.m2\repository\org\seleniumhq\selenium\selenium-ie-driver\3.141.59\selenium-ie-driver-3.141.59.jar;C:\Users\Vikram\.m2\repository\org\seleniumhq\selenium\selenium-opera-driver\3.141.59\selenium-opera-driver-3.141.59.jar;C:\Users\Vikram\.m2\repository\org\seleniumhq\selenium\selenium-remote-driver\3.141.59\selenium-remote-driver-3.141.59.jar;C:\Users\Vikram\.m2\repository\org\seleniumhq\selenium\selenium-safari-driver\3.141.59\selenium-safari-driver-3.141.59.jar;C:\Users\Vikram\.m2\repository\org\seleniumhq\selenium\selenium-support\3.141.59\selenium-support-3.141.59.jar;C:\Users\Vikram\.m2\repository\net\bytebuddy\byte-buddy\1.8.15\byte-buddy-1.8.15.jar;C:\Users\Vikram\.m2\repository\org\apache\commons\commons-exec\1.3\commons-exec-1.3.jar;C:\Users\Vikram\.m2\repository\com\google\guava\guava\25.0-jre\guava-25.0-jre.jar;C:\Users\Vikram\.m2\repository\com\google\code\findbugs\jsr305\1.3.9\jsr305-1.3.9.jar;C:\Users\Vikram\.m2\repository\org\checkerframework\checker-compat-qual\2.0.0\checker-compat-qual-2.0.0.jar;C:\Users\Vikram\.m2\repository\com\google\errorprone\error_prone_annotations\2.1.3\error_prone_annotations-2.1.3.jar;C:\Users\Vikram\.m2\repository\com\google\j2objc\j2objc-annotations\1.1\j2objc-annotations-1.1.jar;C:\Users\Vikram\.m2\repository\org\codehaus\mojo\animal-sniffer-annotations\1.14\animal-sniffer-annotations-1.14.jar;C:\Users\Vikram\.m2\repository\com\squareup\okhttp3\okhttp\3.11.0\okhttp-3.11.0.jar;C:\Users\Vikram\.m2\repository\com\squareup\okio\okio\1.14.0\okio-1.14.0.jar;C:\Users\Vikram\.m2\repository\commons-io\commons-io\2.8.0\commons-io-2.8.0.jar;C:\Users\Vikram\.m2\repository\com\aventstack\extentreports\5.0.4\extentreports-5.0.4.jar;C:\Users\Vikram\.m2\repository\io\reactivex\rxjava3\rxjava\3.0.4\rxjava-3.0.4.jar;C:\Users\Vikram\.m2\repository\org\reactivestreams\reactive-streams\1.0.3\reactive-streams-1.0.3.jar;C:\Users\Vikram\.m2\repository\org\freemarker\freemarker\2.3.30\freemarker-2.3.30.jar;C:\Users\Vikram\.m2\repository\org\projectlombok\lombok\1.18.12\lombok-1.18.12.jar;C:\Users\Vikram\.m2\repository\com\google\code\gson\gson\2.8.6\gson-2.8.6.jar;C:\Users\Vikram\.m2\repository\org\testng\testng\7.4.0\testng-7.4.0.jar;C:\Users\Vikram\.m2\repository\com\beust\jcommander\1.78\jcommander-1.78.jar;C:\Users\Vikram\.m2\repository\org\webjars\jquery\3.5.1\jquery-3.5.1.jar;C:\Users\Vikram\.m2\repository\org\apache\logging\log4j\log4j-api\2.13.3\log4j-api-2.13.3.jar;C:\Users\Vikram\.m2\repository\org\apache\logging\log4j\log4j-core\2.13.3\log4j-core-2.13.3.jar;"/>
    <property name="java.vm.vendor" value="Oracle Corporation"/>
    <property name="sun.arch.data.model" value="32"/>
    <property name="user.variant" value=""/>
    <property name="java.vendor.url" value="http://java.oracle.com/"/>
    <property name="user.timezone" value="Asia/Calcutta"/>
    <property name="java.vm.specification.version" value="1.8"/>
    <property name="os.name" value="Windows 10"/>
    <property name="user.country" value="IN"/>
    <property name="sun.java.launcher" value="SUN_STANDARD"/>
    <property name="sun.boot.library.path" value="C:\Program Files\Java\jdk1.8.0_261\jre\bin"/>
    <property name="sun.java.command" value="C:\Users\Vikram\AppData\Local\Temp\surefire1818291267734359921\surefirebooter6142840765213412231.jar C:\Users\Vikram\AppData\Local\Temp\surefire1818291267734359921 2021-08-27T16-54-41_926-jvmRun1 surefire4693906911770282812tmp surefire_08074903318138605272tmp"/>
    <property name="surefire.test.class.path" value="C:\Users\Vikram\workspace\MakeMyTrip_Website_Automation_Using_Selenium\target\test-classes;C:\Users\Vikram\workspace\MakeMyTrip_Website_Automation_Using_Selenium\target\classes;C:\Users\Vikram\.m2\repository\junit\junit\4.13\junit-4.13.jar;C:\Users\Vikram\.m2\repository\org\hamcrest\hamcrest-core\1.3\hamcrest-core-1.3.jar;C:\Users\Vikram\.m2\repository\org\seleniumhq\selenium\selenium-java\3.141.59\selenium-java-3.141.59.jar;C:\Users\Vikram\.m2\repository\org\seleniumhq\selenium\selenium-api\3.141.59\selenium-api-3.141.59.jar;C:\Users\Vikram\.m2\repository\org\seleniumhq\selenium\selenium-chrome-driver\3.141.59\selenium-chrome-driver-3.141.59.jar;C:\Users\Vikram\.m2\repository\org\seleniumhq\selenium\selenium-edge-driver\3.141.59\selenium-edge-driver-3.141.59.jar;C:\Users\Vikram\.m2\repository\org\seleniumhq\selenium\selenium-firefox-driver\3.141.59\selenium-firefox-driver-3.141.59.jar;C:\Users\Vikram\.m2\repository\org\seleniumhq\selenium\selenium-ie-driver\3.141.59\selenium-ie-driver-3.141.59.jar;C:\Users\Vikram\.m2\repository\org\seleniumhq\selenium\selenium-opera-driver\3.141.59\selenium-opera-driver-3.141.59.jar;C:\Users\Vikram\.m2\repository\org\seleniumhq\selenium\selenium-remote-driver\3.141.59\selenium-remote-driver-3.141.59.jar;C:\Users\Vikram\.m2\repository\org\seleniumhq\selenium\selenium-safari-driver\3.141.59\selenium-safari-driver-3.141.59.jar;C:\Users\Vikram\.m2\repository\org\seleniumhq\selenium\selenium-support\3.141.59\selenium-support-3.141.59.jar;C:\Users\Vikram\.m2\repository\net\bytebuddy\byte-buddy\1.8.15\byte-buddy-1.8.15.jar;C:\Users\Vikram\.m2\repository\org\apache\commons\commons-exec\1.3\commons-exec-1.3.jar;C:\Users\Vikram\.m2\repository\com\google\guava\guava\25.0-jre\guava-25.0-jre.jar;C:\Users\Vikram\.m2\repository\com\google\code\findbugs\jsr305\1.3.9\jsr305-1.3.9.jar;C:\Users\Vikram\.m2\repository\org\checkerframework\checker-compat-qual\2.0.0\checker-compat-qual-2.0.0.jar;C:\Users\Vikram\.m2\repository\com\google\errorprone\error_prone_annotations\2.1.3\error_prone_annotations-2.1.3.jar;C:\Users\Vikram\.m2\repository\com\google\j2objc\j2objc-annotations\1.1\j2objc-annotations-1.1.jar;C:\Users\Vikram\.m2\repository\org\codehaus\mojo\animal-sniffer-annotations\1.14\animal-sniffer-annotations-1.14.jar;C:\Users\Vikram\.m2\repository\com\squareup\okhttp3\okhttp\3.11.0\okhttp-3.11.0.jar;C:\Users\Vikram\.m2\repository\com\squareup\okio\okio\1.14.0\okio-1.14.0.jar;C:\Users\Vikram\.m2\repository\commons-io\commons-io\2.8.0\commons-io-2.8.0.jar;C:\Users\Vikram\.m2\repository\com\aventstack\extentreports\5.0.4\extentreports-5.0.4.jar;C:\Users\Vikram\.m2\repository\io\reactivex\rxjava3\rxjava\3.0.4\rxjava-3.0.4.jar;C:\Users\Vikram\.m2\repository\org\reactivestreams\reactive-streams\1.0.3\reactive-streams-1.0.3.jar;C:\Users\Vikram\.m2\repository\org\freemarker\freemarker\2.3.30\freemarker-2.3.30.jar;C:\Users\Vikram\.m2\repository\org\projectlombok\lombok\1.18.12\lombok-1.18.12.jar;C:\Users\Vikram\.m2\repository\com\google\code\gson\gson\2.8.6\gson-2.8.6.jar;C:\Users\Vikram\.m2\repository\org\testng\testng\7.4.0\testng-7.4.0.jar;C:\Users\Vikram\.m2\repository\com\beust\jcommander\1.78\jcommander-1.78.jar;C:\Users\Vikram\.m2\repository\org\webjars\jquery\3.5.1\jquery-3.5.1.jar;C:\Users\Vikram\.m2\repository\org\apache\logging\log4j\log4j-api\2.13.3\log4j-api-2.13.3.jar;C:\Users\Vikram\.m2\repository\org\apache\logging\log4j\log4j-core\2.13.3\log4j-core-2.13.3.jar;"/>
    <property name="sun.cpu.endian" value="little"/>
    <property name="user.home" value="C:\Users\Vikram"/>
    <property name="user.language" value="en"/>
    <property name="java.specification.vendor" value="Oracle Corporation"/>
    <property name="java.home" value="C:\Program Files\Java\jdk1.8.0_261\jre"/>
    <property name="basedir" value="C:\Users\Vikram\workspace\MakeMyTrip_Website_Automation_Using_Selenium"/>
    <property name="file.separator" value="\"/>
    <property name="line.separator" value="&#10;"/>
    <property name="java.vm.specification.vendor" value="Oracle Corporation"/>
    <property name="java.specification.name" value="Java Platform API Specification"/>
    <property name="java.awt.graphicsenv" value="sun.awt.Win32GraphicsEnvironment"/>
    <property name="surefire.real.class.path" value="C:\Users\Vikram\AppData\Local\Temp\surefire1818291267734359921\surefirebooter6142840765213412231.jar"/>
    <property name="sun.boot.class.path" value="C:\Program Files\Java\jdk1.8.0_261\jre\lib\resources.jar;C:\Program Files\Java\jdk1.8.0_261\jre\lib\rt.jar;C:\Program Files\Java\jdk1.8.0_261\jre\lib\sunrsasign.jar;C:\Program Files\Java\jdk1.8.0_261\jre\lib\jsse.jar;C:\Program Files\Java\jdk1.8.0_261\jre\lib\jce.jar;C:\Program Files\Java\jdk1.8.0_261\jre\lib\charsets.jar;C:\Program Files\Java\jdk1.8.0_261\jre\lib\jfr.jar;C:\Program Files\Java\jdk1.8.0_261\jre\classes"/>
    <property name="user.script" value=""/>
    <property name="sun.management.compiler" value="HotSpot Client Compiler"/>
    <property name="java.runtime.version" value="1.8.0_261-b12"/>
    <property name="user.name" value="Vikram"/>
    <property name="path.separator" value=";"/>
    <property name="os.version" value="10.0"/>
    <property name="java.endorsed.dirs" value="C:\Program Files\Java\jdk1.8.0_261\jre\lib\endorsed"/>
    <property name="java.runtime.name" value="Java(TM) SE Runtime Environment"/>
    <property name="file.encoding" value="Cp1252"/>
    <property name="java.vm.name" value="Java HotSpot(TM) Client VM"/>
    <property name="localRepository" value="C:\Users\Vikram\.m2\repository"/>
    <property name="java.vendor.url.bug" value="http://bugreport.sun.com/bugreport/"/>
    <property name="java.io.tmpdir" value="C:\Users\Vikram\AppData\Local\Temp\"/>
    <property name="java.version" value="1.8.0_261"/>
    <property name="user.dir" value="C:\Users\Vikram\workspace\MakeMyTrip_Website_Automation_Using_Selenium"/>
    <property name="os.arch" value="x86"/>
    <property name="java.vm.specification.name" value="Java Virtual Machine Specification"/>
    <property name="java.awt.printerjob" value="sun.awt.windows.WPrinterJob"/>
    <property name="sun.os.patch.level" value=""/>
    <property name="java.library.path" value="C:\Program Files\Java\jdk1.8.0_261\jre\bin;C:\Windows\Sun\Java\bin;C:\Windows\system32;C:\Windows;C:/Program Files/Java/jre1.8.0_301/bin/client;C:/Program Files/Java/jre1.8.0_301/bin;C:/Program Files/Java/jre1.8.0_301/lib/i386;C:\Program Files\Common Files\Oracle\Java\javapath;C:\Windows\system32;C:\Windows;C:\Windows\System32\Wbem;C:\Windows\System32\WindowsPowerShell\v1.0\;C:\Windows\System32\OpenSSH\;C:\Program Files\Java\jdk1.8.0_261\bin;C:\Users\Vikram\AppData\Local\Microsoft\WindowsApps;C:\Program Files\Common Files\Oracle\Java\javapath;D:\Jars\apache-maven-3.6.3\bin;C:\Program Files\MySQL\MySQL Utilities 1.6\;;C:\Users\Vikram\OneDrive\Desktop\eclipse;;."/>
    <property name="java.vm.info" value="mixed mode"/>
    <property name="java.vendor" value="Oracle Corporation"/>
    <property name="java.vm.version" value="25.261-b12"/>
    <property name="java.ext.dirs" value="C:\Program Files\Java\jdk1.8.0_261\jre\lib\ext;C:\Windows\Sun\Java\lib\ext"/>
    <property name="sun.io.unicode.encoding" value="UnicodeLittle"/>
    <property name="java.class.version" value="52.0"/>
  </properties>
  <testcase name="selectingFromAndTo[bang, chen, Destination #1](1)" classname="academy.HomePage" time="32.515">
    <failure message="element click intercepted: Element &lt;input data-cy=&quot;fromCity&quot; id=&quot;fromCity&quot; type=&quot;text&quot; class=&quot;fsw_inputField lineHeight36 latoBlack font30&quot; readonly=&quot;&quot; value=&quot;Delhi&quot;&gt; is not clickable at point (170, 258). Other element would receive the click: &lt;div data-cy=&quot;outsideModal&quot; class=&quot;loginModal displayBlock modalLogin dynHeight personal &quot;&gt;&lt;/div&gt;&#10;  (Session info: chrome=92.0.4515.159)&#10;Build info: version: &apos;3.141.59&apos;, revision: &apos;e82be7d358&apos;, time: &apos;2018-11-14T08:17:03&apos;&#10;System info: host: &apos;DESKTOP-TSLHRBF&apos;, ip: &apos;192.168.39.37&apos;, os.name: &apos;Windows 10&apos;, os.arch: &apos;x86&apos;, os.version: &apos;10.0&apos;, java.version: &apos;1.8.0_261&apos;&#10;Driver info: org.openqa.selenium.chrome.ChromeDriver&#10;Capabilities {acceptInsecureCerts: false, browserName: chrome, browserVersion: 92.0.4515.159, chrome: {chromedriverVersion: 92.0.4515.43 (8c61b7e2989f2..., userDataDir: C:\Users\Vikram\AppData\Loc...}, goog:chromeOptions: {debuggerAddress: localhost:52269}, javascriptEnabled: true, networkConnectionEnabled: false, pageLoadStrategy: normal, platform: WINDOWS, platformName: WINDOWS, proxy: Proxy(), setWindowRect: true, strictFileInteractability: false, timeouts: {implicit: 0, pageLoad: 300000, script: 30000}, unhandledPromptBehavior: dismiss and notify, webauthn:extension:credBlob: true, webauthn:extension:largeBlob: true, webauthn:virtualAuthenticators: true}&#10;Session ID: cf4f523538a42c6b74424581a568b283" type="org.openqa.selenium.ElementClickInterceptedException"><![CDATA[org.openqa.selenium.ElementClickInterceptedException: 
element click intercepted: Element <input data-cy="fromCity" id="fromCity" type="text" class="fsw_inputField lineHeight36 latoBlack font30" readonly="" value="Delhi"> is not clickable at point (170, 258). Other element would receive the click: <div data-cy="outsideModal" class="loginModal displayBlock modalLogin dynHeight personal "></div>
  (Session info: chrome=92.0.4515.159)
Build info: version: '3.141.59', revision: 'e82be7d358', time: '2018-11-14T08:17:03'
System info: host: 'DESKTOP-TSLHRBF', ip: '192.168.39.37', os.name: 'Windows 10', os.arch: 'x86', os.version: '10.0', java.version: '1.8.0_261'
Driver info: org.openqa.selenium.chrome.ChromeDriver
Capabilities {acceptInsecureCerts: false, browserName: chrome, browserVersion: 92.0.4515.159, chrome: {chromedriverVersion: 92.0.4515.43 (8c61b7e2989f2..., userDataDir: C:\Users\Vikram\AppData\Loc...}, goog:chromeOptions: {debuggerAddress: localhost:52269}, javascriptEnabled: true, networkConnectionEnabled: false, pageLoadStrategy: normal, platform: WINDOWS, platformName: WINDOWS, proxy: Proxy(), setWindowRect: true, strictFileInteractability: false, timeouts: {implicit: 0, pageLoad: 300000, script: 30000}, unhandledPromptBehavior: dismiss and notify, webauthn:extension:credBlob: true, webauthn:extension:largeBlob: true, webauthn:virtualAuthenticators: true}
Session ID: cf4f523538a42c6b74424581a568b283
	at academy.HomePage.selectingFromAndTo(HomePage.java:40)
]]></failure>
    <system-out><![CDATA[chrome
]]></system-out>
    <system-err><![CDATA[Starting ChromeDriver 92.0.4515.43 (8c61b7e2989f2990d42f859cac71319137787cce-refs/branch-heads/4515@{#306}) on port 26921
Only local connections are allowed.
Please see https://chromedriver.chromium.org/security-considerations for suggestions on keeping ChromeDriver safe.
ChromeDriver was started successfully.
Aug 27, 2021 4:54:59 PM org.openqa.selenium.remote.ProtocolHandshake createSession
INFO: Detected dialect: W3C
]]></system-err>
  </testcase>
  <testcase name="selectingFromAndTo[del, new, Destination #2](2)" classname="academy.HomePage" time="10.108">
    <failure message="element click intercepted: Element &lt;input data-cy=&quot;fromCity&quot; id=&quot;fromCity&quot; type=&quot;text&quot; class=&quot;fsw_inputField lineHeight36 latoBlack font30&quot; readonly=&quot;&quot; value=&quot;Delhi&quot;&gt; is not clickable at point (170, 258). Other element would receive the click: &lt;div data-cy=&quot;outsideModal&quot; class=&quot;loginModal displayBlock modalLogin dynHeight personal &quot;&gt;&lt;/div&gt;&#10;  (Session info: chrome=92.0.4515.159)&#10;Build info: version: &apos;3.141.59&apos;, revision: &apos;e82be7d358&apos;, time: &apos;2018-11-14T08:17:03&apos;&#10;System info: host: &apos;DESKTOP-TSLHRBF&apos;, ip: &apos;192.168.39.37&apos;, os.name: &apos;Windows 10&apos;, os.arch: &apos;x86&apos;, os.version: &apos;10.0&apos;, java.version: &apos;1.8.0_261&apos;&#10;Driver info: org.openqa.selenium.chrome.ChromeDriver&#10;Capabilities {acceptInsecureCerts: false, browserName: chrome, browserVersion: 92.0.4515.159, chrome: {chromedriverVersion: 92.0.4515.43 (8c61b7e2989f2..., userDataDir: C:\Users\Vikram\AppData\Loc...}, goog:chromeOptions: {debuggerAddress: localhost:52269}, javascriptEnabled: true, networkConnectionEnabled: false, pageLoadStrategy: normal, platform: WINDOWS, platformName: WINDOWS, proxy: Proxy(), setWindowRect: true, strictFileInteractability: false, timeouts: {implicit: 0, pageLoad: 300000, script: 30000}, unhandledPromptBehavior: dismiss and notify, webauthn:extension:credBlob: true, webauthn:extension:largeBlob: true, webauthn:virtualAuthenticators: true}&#10;Session ID: cf4f523538a42c6b74424581a568b283" type="org.openqa.selenium.ElementClickInterceptedException"><![CDATA[org.openqa.selenium.ElementClickInterceptedException: 
element click intercepted: Element <input data-cy="fromCity" id="fromCity" type="text" class="fsw_inputField lineHeight36 latoBlack font30" readonly="" value="Delhi"> is not clickable at point (170, 258). Other element would receive the click: <div data-cy="outsideModal" class="loginModal displayBlock modalLogin dynHeight personal "></div>
  (Session info: chrome=92.0.4515.159)
Build info: version: '3.141.59', revision: 'e82be7d358', time: '2018-11-14T08:17:03'
System info: host: 'DESKTOP-TSLHRBF', ip: '192.168.39.37', os.name: 'Windows 10', os.arch: 'x86', os.version: '10.0', java.version: '1.8.0_261'
Driver info: org.openqa.selenium.chrome.ChromeDriver
Capabilities {acceptInsecureCerts: false, browserName: chrome, browserVersion: 92.0.4515.159, chrome: {chromedriverVersion: 92.0.4515.43 (8c61b7e2989f2..., userDataDir: C:\Users\Vikram\AppData\Loc...}, goog:chromeOptions: {debuggerAddress: localhost:52269}, javascriptEnabled: true, networkConnectionEnabled: false, pageLoadStrategy: normal, platform: WINDOWS, platformName: WINDOWS, proxy: Proxy(), setWindowRect: true, strictFileInteractability: false, timeouts: {implicit: 0, pageLoad: 300000, script: 30000}, unhandledPromptBehavior: dismiss and notify, webauthn:extension:credBlob: true, webauthn:extension:largeBlob: true, webauthn:virtualAuthenticators: true}
Session ID: cf4f523538a42c6b74424581a568b283
	at academy.HomePage.selectingFromAndTo(HomePage.java:40)
]]></failure>
  </testcase>
  <testcase name="validatingHeaderLinks" classname="academy.ValidatingHeaderLinks" time="2.734">
    <failure type="java.lang.AssertionError"><![CDATA[java.lang.AssertionError
	at academy.ValidatingHeaderLinks.validatingHeaderLinks(ValidatingHeaderLinks.java:39)
]]></failure>
    <system-out><![CDATA[chrome
]]></system-out>
    <system-err><![CDATA[Starting ChromeDriver 92.0.4515.43 (8c61b7e2989f2990d42f859cac71319137787cce-refs/branch-heads/4515@{#306}) on port 34038
Only local connections are allowed.
Please see https://chromedriver.chromium.org/security-considerations for suggestions on keeping ChromeDriver safe.
ChromeDriver was started successfully.
Aug 27, 2021 4:56:02 PM org.openqa.selenium.remote.ProtocolHandshake createSession
INFO: Detected dialect: W3C
]]></system-err>
  </testcase>
  <testcase name="validatingFooterSection" classname="academy.ValidatingFooterSection" time="0.2">
    <system-out><![CDATA[chrome
[[ChromeDriver: chrome on WINDOWS (7ba6ab179a5f0b2232d93ec7f42a2fb9)] -> css selector: .latoBlack.darkGreyText.font10.capText]
[[ChromeDriver: chrome on WINDOWS (7ba6ab179a5f0b2232d93ec7f42a2fb9)] -> css selector: .latoBlack.darkGreyText.font10.capText]
[[ChromeDriver: chrome on WINDOWS (7ba6ab179a5f0b2232d93ec7f42a2fb9)] -> css selector: .latoBlack.darkGreyText.font10.capText]
[[ChromeDriver: chrome on WINDOWS (7ba6ab179a5f0b2232d93ec7f42a2fb9)] -> css selector: .latoBlack.darkGreyText.font10.capText]
[[ChromeDriver: chrome on WINDOWS (7ba6ab179a5f0b2232d93ec7f42a2fb9)] -> css selector: .latoBlack.darkGreyText.font10.capText]
Total No.of Footer section Links: 103
[[ChromeDriver: chrome on WINDOWS (7ba6ab179a5f0b2232d93ec7f42a2fb9)] -> css selector: .appendBottom5 a]
[[ChromeDriver: chrome on WINDOWS (7ba6ab179a5f0b2232d93ec7f42a2fb9)] -> css selector: .appendBottom5 a]
[[ChromeDriver: chrome on WINDOWS (7ba6ab179a5f0b2232d93ec7f42a2fb9)] -> css selector: .appendBottom5 a]
[[ChromeDriver: chrome on WINDOWS (7ba6ab179a5f0b2232d93ec7f42a2fb9)] -> css selector: .appendBottom5 a]
[[ChromeDriver: chrome on WINDOWS (7ba6ab179a5f0b2232d93ec7f42a2fb9)] -> css selector: .appendBottom5 a]
[[ChromeDriver: chrome on WINDOWS (7ba6ab179a5f0b2232d93ec7f42a2fb9)] -> css selector: .appendBottom5 a]
[[ChromeDriver: chrome on WINDOWS (7ba6ab179a5f0b2232d93ec7f42a2fb9)] -> css selector: .appendBottom5 a]
[[ChromeDriver: chrome on WINDOWS (7ba6ab179a5f0b2232d93ec7f42a2fb9)] -> css selector: .appendBottom5 a]
[[ChromeDriver: chrome on WINDOWS (7ba6ab179a5f0b2232d93ec7f42a2fb9)] -> css selector: .appendBottom5 a]
[[ChromeDriver: chrome on WINDOWS (7ba6ab179a5f0b2232d93ec7f42a2fb9)] -> css selector: .appendBottom5 a]
[[ChromeDriver: chrome on WINDOWS (7ba6ab179a5f0b2232d93ec7f42a2fb9)] -> css selector: .appendBottom5 a]
[[ChromeDriver: chrome on WINDOWS (7ba6ab179a5f0b2232d93ec7f42a2fb9)] -> css selector: .appendBottom5 a]
[[ChromeDriver: chrome on WINDOWS (7ba6ab179a5f0b2232d93ec7f42a2fb9)] -> css selector: .appendBottom5 a]
[[ChromeDriver: chrome on WINDOWS (7ba6ab179a5f0b2232d93ec7f42a2fb9)] -> css selector: .appendBottom5 a]
[[ChromeDriver: chrome on WINDOWS (7ba6ab179a5f0b2232d93ec7f42a2fb9)] -> css selector: .appendBottom5 a]
[[ChromeDriver: chrome on WINDOWS (7ba6ab179a5f0b2232d93ec7f42a2fb9)] -> css selector: .appendBottom5 a]
[[ChromeDriver: chrome on WINDOWS (7ba6ab179a5f0b2232d93ec7f42a2fb9)] -> css selector: .appendBottom5 a]
[[ChromeDriver: chrome on WINDOWS (7ba6ab179a5f0b2232d93ec7f42a2fb9)] -> css selector: .appendBottom5 a]
[[ChromeDriver: chrome on WINDOWS (7ba6ab179a5f0b2232d93ec7f42a2fb9)] -> css selector: .appendBottom5 a]
[[ChromeDriver: chrome on WINDOWS (7ba6ab179a5f0b2232d93ec7f42a2fb9)] -> css selector: .appendBottom5 a]
[[ChromeDriver: chrome on WINDOWS (7ba6ab179a5f0b2232d93ec7f42a2fb9)] -> css selector: .appendBottom5 a]
[[ChromeDriver: chrome on WINDOWS (7ba6ab179a5f0b2232d93ec7f42a2fb9)] -> css selector: .appendBottom5 a]
[[ChromeDriver: chrome on WINDOWS (7ba6ab179a5f0b2232d93ec7f42a2fb9)] -> css selector: .appendBottom5 a]
[[ChromeDriver: chrome on WINDOWS (7ba6ab179a5f0b2232d93ec7f42a2fb9)] -> css selector: .appendBottom5 a]
[[ChromeDriver: chrome on WINDOWS (7ba6ab179a5f0b2232d93ec7f42a2fb9)] -> css selector: .appendBottom5 a]
[[ChromeDriver: chrome on WINDOWS (7ba6ab179a5f0b2232d93ec7f42a2fb9)] -> css selector: .appendBottom5 a]
[[ChromeDriver: chrome on WINDOWS (7ba6ab179a5f0b2232d93ec7f42a2fb9)] -> css selector: .appendBottom5 a]
[[ChromeDriver: chrome on WINDOWS (7ba6ab179a5f0b2232d93ec7f42a2fb9)] -> css selector: .appendBottom5 a]
[[ChromeDriver: chrome on WINDOWS (7ba6ab179a5f0b2232d93ec7f42a2fb9)] -> css selector: .appendBottom5 a]
[[ChromeDriver: chrome on WINDOWS (7ba6ab179a5f0b2232d93ec7f42a2fb9)] -> css selector: .appendBottom5 a]
[[ChromeDriver: chrome on WINDOWS (7ba6ab179a5f0b2232d93ec7f42a2fb9)] -> css selector: .appendBottom5 a]
[[ChromeDriver: chrome on WINDOWS (7ba6ab179a5f0b2232d93ec7f42a2fb9)] -> css selector: .appendBottom5 a]
[[ChromeDriver: chrome on WINDOWS (7ba6ab179a5f0b2232d93ec7f42a2fb9)] -> css selector: .appendBottom5 a]
[[ChromeDriver: chrome on WINDOWS (7ba6ab179a5f0b2232d93ec7f42a2fb9)] -> css selector: .appendBottom5 a]
[[ChromeDriver: chrome on WINDOWS (7ba6ab179a5f0b2232d93ec7f42a2fb9)] -> css selector: .appendBottom5 a]
[[ChromeDriver: chrome on WINDOWS (7ba6ab179a5f0b2232d93ec7f42a2fb9)] -> css selector: .appendBottom5 a]
[[ChromeDriver: chrome on WINDOWS (7ba6ab179a5f0b2232d93ec7f42a2fb9)] -> css selector: .appendBottom5 a]
[[ChromeDriver: chrome on WINDOWS (7ba6ab179a5f0b2232d93ec7f42a2fb9)] -> css selector: .appendBottom5 a]
[[ChromeDriver: chrome on WINDOWS (7ba6ab179a5f0b2232d93ec7f42a2fb9)] -> css selector: .appendBottom5 a]
[[ChromeDriver: chrome on WINDOWS (7ba6ab179a5f0b2232d93ec7f42a2fb9)] -> css selector: .appendBottom5 a]
[[ChromeDriver: chrome on WINDOWS (7ba6ab179a5f0b2232d93ec7f42a2fb9)] -> css selector: .appendBottom5 a]
[[ChromeDriver: chrome on WINDOWS (7ba6ab179a5f0b2232d93ec7f42a2fb9)] -> css selector: .appendBottom5 a]
[[ChromeDriver: chrome on WINDOWS (7ba6ab179a5f0b2232d93ec7f42a2fb9)] -> css selector: .appendBottom5 a]
[[ChromeDriver: chrome on WINDOWS (7ba6ab179a5f0b2232d93ec7f42a2fb9)] -> css selector: .appendBottom5 a]
[[ChromeDriver: chrome on WINDOWS (7ba6ab179a5f0b2232d93ec7f42a2fb9)] -> css selector: .appendBottom5 a]
[[ChromeDriver: chrome on WINDOWS (7ba6ab179a5f0b2232d93ec7f42a2fb9)] -> css selector: .appendBottom5 a]
[[ChromeDriver: chrome on WINDOWS (7ba6ab179a5f0b2232d93ec7f42a2fb9)] -> css selector: .appendBottom5 a]
[[ChromeDriver: chrome on WINDOWS (7ba6ab179a5f0b2232d93ec7f42a2fb9)] -> css selector: .appendBottom5 a]
[[ChromeDriver: chrome on WINDOWS (7ba6ab179a5f0b2232d93ec7f42a2fb9)] -> css selector: .appendBottom5 a]
[[ChromeDriver: chrome on WINDOWS (7ba6ab179a5f0b2232d93ec7f42a2fb9)] -> css selector: .appendBottom5 a]
[[ChromeDriver: chrome on WINDOWS (7ba6ab179a5f0b2232d93ec7f42a2fb9)] -> css selector: .appendBottom5 a]
[[ChromeDriver: chrome on WINDOWS (7ba6ab179a5f0b2232d93ec7f42a2fb9)] -> css selector: .appendBottom5 a]
[[ChromeDriver: chrome on WINDOWS (7ba6ab179a5f0b2232d93ec7f42a2fb9)] -> css selector: .appendBottom5 a]
[[ChromeDriver: chrome on WINDOWS (7ba6ab179a5f0b2232d93ec7f42a2fb9)] -> css selector: .appendBottom5 a]
[[ChromeDriver: chrome on WINDOWS (7ba6ab179a5f0b2232d93ec7f42a2fb9)] -> css selector: .appendBottom5 a]
[[ChromeDriver: chrome on WINDOWS (7ba6ab179a5f0b2232d93ec7f42a2fb9)] -> css selector: .appendBottom5 a]
[[ChromeDriver: chrome on WINDOWS (7ba6ab179a5f0b2232d93ec7f42a2fb9)] -> css selector: .appendBottom5 a]
[[ChromeDriver: chrome on WINDOWS (7ba6ab179a5f0b2232d93ec7f42a2fb9)] -> css selector: .appendBottom5 a]
[[ChromeDriver: chrome on WINDOWS (7ba6ab179a5f0b2232d93ec7f42a2fb9)] -> css selector: .appendBottom5 a]
[[ChromeDriver: chrome on WINDOWS (7ba6ab179a5f0b2232d93ec7f42a2fb9)] -> css selector: .appendBottom5 a]
[[ChromeDriver: chrome on WINDOWS (7ba6ab179a5f0b2232d93ec7f42a2fb9)] -> css selector: .appendBottom5 a]
[[ChromeDriver: chrome on WINDOWS (7ba6ab179a5f0b2232d93ec7f42a2fb9)] -> css selector: .appendBottom5 a]
[[ChromeDriver: chrome on WINDOWS (7ba6ab179a5f0b2232d93ec7f42a2fb9)] -> css selector: .appendBottom5 a]
[[ChromeDriver: chrome on WINDOWS (7ba6ab179a5f0b2232d93ec7f42a2fb9)] -> css selector: .appendBottom5 a]
[[ChromeDriver: chrome on WINDOWS (7ba6ab179a5f0b2232d93ec7f42a2fb9)] -> css selector: .appendBottom5 a]
[[ChromeDriver: chrome on WINDOWS (7ba6ab179a5f0b2232d93ec7f42a2fb9)] -> css selector: .appendBottom5 a]
[[ChromeDriver: chrome on WINDOWS (7ba6ab179a5f0b2232d93ec7f42a2fb9)] -> css selector: .appendBottom5 a]
[[ChromeDriver: chrome on WINDOWS (7ba6ab179a5f0b2232d93ec7f42a2fb9)] -> css selector: .appendBottom5 a]
[[ChromeDriver: chrome on WINDOWS (7ba6ab179a5f0b2232d93ec7f42a2fb9)] -> css selector: .appendBottom5 a]
[[ChromeDriver: chrome on WINDOWS (7ba6ab179a5f0b2232d93ec7f42a2fb9)] -> css selector: .appendBottom5 a]
[[ChromeDriver: chrome on WINDOWS (7ba6ab179a5f0b2232d93ec7f42a2fb9)] -> css selector: .appendBottom5 a]
[[ChromeDriver: chrome on WINDOWS (7ba6ab179a5f0b2232d93ec7f42a2fb9)] -> css selector: .appendBottom5 a]
[[ChromeDriver: chrome on WINDOWS (7ba6ab179a5f0b2232d93ec7f42a2fb9)] -> css selector: .appendBottom5 a]
[[ChromeDriver: chrome on WINDOWS (7ba6ab179a5f0b2232d93ec7f42a2fb9)] -> css selector: .appendBottom5 a]
[[ChromeDriver: chrome on WINDOWS (7ba6ab179a5f0b2232d93ec7f42a2fb9)] -> css selector: .appendBottom5 a]
[[ChromeDriver: chrome on WINDOWS (7ba6ab179a5f0b2232d93ec7f42a2fb9)] -> css selector: .appendBottom5 a]
[[ChromeDriver: chrome on WINDOWS (7ba6ab179a5f0b2232d93ec7f42a2fb9)] -> css selector: .appendBottom5 a]
[[ChromeDriver: chrome on WINDOWS (7ba6ab179a5f0b2232d93ec7f42a2fb9)] -> css selector: .appendBottom5 a]
[[ChromeDriver: chrome on WINDOWS (7ba6ab179a5f0b2232d93ec7f42a2fb9)] -> css selector: .appendBottom5 a]
[[ChromeDriver: chrome on WINDOWS (7ba6ab179a5f0b2232d93ec7f42a2fb9)] -> css selector: .appendBottom5 a]
[[ChromeDriver: chrome on WINDOWS (7ba6ab179a5f0b2232d93ec7f42a2fb9)] -> css selector: .appendBottom5 a]
[[ChromeDriver: chrome on WINDOWS (7ba6ab179a5f0b2232d93ec7f42a2fb9)] -> css selector: .appendBottom5 a]
[[ChromeDriver: chrome on WINDOWS (7ba6ab179a5f0b2232d93ec7f42a2fb9)] -> css selector: .appendBottom5 a]
[[ChromeDriver: chrome on WINDOWS (7ba6ab179a5f0b2232d93ec7f42a2fb9)] -> css selector: .appendBottom5 a]
[[ChromeDriver: chrome on WINDOWS (7ba6ab179a5f0b2232d93ec7f42a2fb9)] -> css selector: .appendBottom5 a]
[[ChromeDriver: chrome on WINDOWS (7ba6ab179a5f0b2232d93ec7f42a2fb9)] -> css selector: .appendBottom5 a]
[[ChromeDriver: chrome on WINDOWS (7ba6ab179a5f0b2232d93ec7f42a2fb9)] -> css selector: .appendBottom5 a]
[[ChromeDriver: chrome on WINDOWS (7ba6ab179a5f0b2232d93ec7f42a2fb9)] -> css selector: .appendBottom5 a]
[[ChromeDriver: chrome on WINDOWS (7ba6ab179a5f0b2232d93ec7f42a2fb9)] -> css selector: .appendBottom5 a]
[[ChromeDriver: chrome on WINDOWS (7ba6ab179a5f0b2232d93ec7f42a2fb9)] -> css selector: .appendBottom5 a]
[[ChromeDriver: chrome on WINDOWS (7ba6ab179a5f0b2232d93ec7f42a2fb9)] -> css selector: .appendBottom5 a]
[[ChromeDriver: chrome on WINDOWS (7ba6ab179a5f0b2232d93ec7f42a2fb9)] -> css selector: .appendBottom5 a]
[[ChromeDriver: chrome on WINDOWS (7ba6ab179a5f0b2232d93ec7f42a2fb9)] -> css selector: .appendBottom5 a]
[[ChromeDriver: chrome on WINDOWS (7ba6ab179a5f0b2232d93ec7f42a2fb9)] -> css selector: .appendBottom5 a]
[[ChromeDriver: chrome on WINDOWS (7ba6ab179a5f0b2232d93ec7f42a2fb9)] -> css selector: .appendBottom5 a]
[[ChromeDriver: chrome on WINDOWS (7ba6ab179a5f0b2232d93ec7f42a2fb9)] -> css selector: .appendBottom5 a]
[[ChromeDriver: chrome on WINDOWS (7ba6ab179a5f0b2232d93ec7f42a2fb9)] -> css selector: .appendBottom5 a]
[[ChromeDriver: chrome on WINDOWS (7ba6ab179a5f0b2232d93ec7f42a2fb9)] -> css selector: .appendBottom5 a]
[[ChromeDriver: chrome on WINDOWS (7ba6ab179a5f0b2232d93ec7f42a2fb9)] -> css selector: .appendBottom5 a]
[[ChromeDriver: chrome on WINDOWS (7ba6ab179a5f0b2232d93ec7f42a2fb9)] -> css selector: .appendBottom5 a]
[[ChromeDriver: chrome on WINDOWS (7ba6ab179a5f0b2232d93ec7f42a2fb9)] -> css selector: .appendBottom5 a]
[[ChromeDriver: chrome on WINDOWS (7ba6ab179a5f0b2232d93ec7f42a2fb9)] -> css selector: .appendBottom5 a]
[[ChromeDriver: chrome on WINDOWS (7ba6ab179a5f0b2232d93ec7f42a2fb9)] -> css selector: .appendBottom5 a]
]]></system-out>
    <system-err><![CDATA[Starting ChromeDriver 92.0.4515.43 (8c61b7e2989f2990d42f859cac71319137787cce-refs/branch-heads/4515@{#306}) on port 5744
Only local connections are allowed.
Please see https://chromedriver.chromium.org/security-considerations for suggestions on keeping ChromeDriver safe.
ChromeDriver was started successfully.
Aug 27, 2021 4:56:39 PM org.openqa.selenium.remote.ProtocolHandshake createSession
INFO: Detected dialect: W3C
]]></system-err>
  </testcase>
  <testcase name="validateAppTitle" classname="academy.ValidateTitle" time="0.272">
    <failure message="expected [make my tri] but found []" type="java.lang.AssertionError"><![CDATA[java.lang.AssertionError: expected [make my tri] but found []
	at academy.ValidateTitle.validateAppTitle(ValidateTitle.java:39)
]]></failure>
    <system-out><![CDATA[chrome
]]></system-out>
    <system-err><![CDATA[Starting ChromeDriver 92.0.4515.43 (8c61b7e2989f2990d42f859cac71319137787cce-refs/branch-heads/4515@{#306}) on port 2675
Only local connections are allowed.
Please see https://chromedriver.chromium.org/security-considerations for suggestions on keeping ChromeDriver safe.
ChromeDriver was started successfully.
Aug 27, 2021 4:57:09 PM org.openqa.selenium.remote.ProtocolHandshake createSession
INFO: Detected dialect: W3C
]]></system-err>
  </testcase>
</testsuite>