<?xml version="1.0" encoding="UTF-8"?>
<!-- Generated by org.testng.reporters.JUnitReportReporter -->
<testsuite hostname="DESKTOP-TSLHRBF" name="academy.ValidatingFooterSection" tests="1" failures="0" timestamp="27 Aug 2021 13:34:18 GMT" time="0.336" errors="0">
  <testcase name="validatingFooterSection" time="0.336" classname="academy.ValidatingFooterSection"/>
</testsuite> <!-- academy.ValidatingFooterSection -->
