<?xml version="1.0" encoding="UTF-8"?>
<!-- Generated by org.testng.reporters.JUnitReportReporter -->
<testsuite skipped="0" hostname="DESKTOP-TSLHRBF" name="academy.validateNavigationBar" tests="1" failures="0" timestamp="2021-03-29T20:40:19 IST" time="2.760" errors="0">
  <testcase name="validateAppNavBar" time="2.760" classname="academy.validateNavigationBar"/>
  <system-out/>
</testsuite> <!-- academy.validateNavigationBar -->
