<?xml version="1.0" encoding="UTF-8"?>
<!-- Generated by org.testng.reporters.JUnitReportReporter -->
<testsuite hostname="DESKTOP-TSLHRBF" name="academy.HomePage" tests="1" failures="0" timestamp="2 Sep 2021 13:13:01 GMT" time="107.007" errors="0">
  <testcase name="bookingFlight" time="107.007" classname="academy.HomePage"/>
</testsuite> <!-- academy.HomePage -->
