<?xml version="1.0" encoding="UTF-8"?>
<!-- Generated by org.testng.reporters.JUnitReportReporter -->
<testsuite skipped="0" hostname="DESKTOP-TSLHRBF" name="academy.ValidatingFooterSection" tests="1" failures="0" timestamp="2021-08-27T16:59:26 IST" time="0.212" errors="0">
  <testcase name="validatingFooterSection" time="0.212" classname="academy.ValidatingFooterSection"/>
  <system-out/>
</testsuite> <!-- academy.ValidatingFooterSection -->
